{
  "0 debug pnpm:scope": {
    "selected": 1
  },
  "1 error pnpm": {
    "code": "ELIFECYCLE",
    "errno": "ENOENT",
    "syscall": "spawn",
    "file": "sh",
    "pkgid": "@example/basics@0.0.1",
    "stage": "astro",
    "script": "astro \"add\" \"vercel\"",
    "pkgname": "@example/basics",
    "err": {
      "name": "pnpm",
      "message": "@example/basics@0.0.1 astro: `astro \"add\" \"vercel\"`\nspawn ENOENT",
      "code": "ELIFECYCLE",
      "stack": "pnpm: @example/basics@0.0.1 astro: `astro \"add\" \"vercel\"`\nspawn ENOENT\n    at ChildProcess.<anonymous> (/Users/andrew/.npm-global/lib/node_modules/pnpm/dist/pnpm.cjs:92348:22)\n    at ChildProcess.emit (events.js:376:20)\n    at maybeClose (internal/child_process.js:1055:16)\n    at Process.ChildProcess._handle.onexit (internal/child_process.js:288:5)"
    }
  },
  "2 warn pnpm:global": " Local package.json exists, but node_modules missing, did you mean to install?"
}